<?xml version="1.0" encoding="UTF-8"?>
<!-- Generated by org.testng.reporters.JUnitReportReporter -->
<testsuite hostname="Nuis-MBP" failures="0" tests="1" name="test.cartpageFunctionalityTest" time="3.023" errors="0" timestamp="2023-02-08T10:47:10 PST" skipped="0">
  <testcase classname="test.cartpageFunctionalityTest" name="CartPage_TC001_checkItemsAndRemove" time="3.023"/>
  <system-out/>
</testsuite> <!-- test.cartpageFunctionalityTest -->
