<?xml version="1.0" encoding="UTF-8"?>
<!-- Generated by org.testng.reporters.JUnitReportReporter -->
<testsuite hostname="Nuis-MBP" failures="0" tests="2" name="test.productpageFunctionalityTest" time="3.420" errors="0" timestamp="2023-02-08T10:46:44 PST" skipped="0">
  <testcase classname="test.productpageFunctionalityTest" name="productPage_TC001_productLists" time="2.975"/>
  <system-out/>
  <testcase classname="test.productpageFunctionalityTest" name="productPage_TC002_addToCart" time="0.445"/>
  <system-out/>
</testsuite> <!-- test.productpageFunctionalityTest -->
